Welcome to the MySQL monitor.  Commands end with ; or \g.
Your MySQL connection id is 55
Server version: 5.5.43-0ubuntu0.14.04.1-log (Ubuntu)

Copyright (c) 2000, 2015, Oracle and/or its affiliates. All rights reserved.

Oracle is a registered trademark of Oracle Corporation and/or its
affiliates. Other names may be trademarks of their respective
owners.

Reading history-file /home/c/.mysql_history
Type 'help;' or '\h' for help. Type '\c' to clear the current input statement.

mysql> source update.sql;
Reading table information for completion of table and column names
You can turn off this feature to get a quicker startup with -A

Database changed
--------------
UPDATE TradesWith
SET total='0.0'
WHERE total=''
--------------

Query OK, 2381 rows affected (0.10 sec)
Rows matched: 2381  Changed: 2381  Warnings: 0

--------------
UPDATE WorldBankStats
SET amount = amount + 1
WHERE statType='population'
--------------

Query OK, 1422 rows affected (0.02 sec)
Rows matched: 2010  Changed: 1422  Warnings: 0

--------------
INSERT INTO Leaders(name,type,termStart,termEnd)
VALUES('Yuan Shikai','Emperor of Empire of China','22 December 1915','22 March 1916')
--------------

Query OK, 1 row affected, 1 warning (0.01 sec)

--------------
INSERT INTO LeaderOf(countryCode,leaderName)
VALUES('CHN','Yuan Shikai')
--------------

Query OK, 1 row affected (0.00 sec)

--------------
DELETE FROM Leaders
WHERE name = 'Yuan Shikai'
--------------

Query OK, 1 row affected (0.01 sec)

--------------
DELETE FROM LeaderOf
WHERE leaderName = 'Yuan Shikai'
--------------

Query OK, 1 row affected (0.00 sec)

mysql> quit
