/usr/sbin/mysqld, Version: 5.5.43-0ubuntu0.14.04.1-log ((Ubuntu)). started with:
Tcp port: 3306  Unix socket: /var/run/mysqld/mysqld.sock
Time                 Id Command    Argument
160313 13:15:31	   36 Query	SET global log_output='file'
160313 13:15:38	   36 Query	show databases
160313 13:38:51	   36 Query	drop database if exists countriesAndIntlAffairs
		   36 Query	SELECT DATABASE()
		   36 Query	CREATE DATABASE countriesAndIntlAffairs
		   36 Query	SELECT DATABASE()
		   36 Init DB	countriesAndIntlAffairs
		   36 Query	show databases
		   36 Query	show tables
		   36 Query	drop table if exists Countries
		   36 Query	CREATE TABLE Countries (
    countryCode VARCHAR(3) PRIMARY KEY,
    countryNumber VARCHAR(3) NOT NULL,
    name VARCHAR(50) CHARACTER SET utf8 COLLATE utf8_unicode_ci NOT NULL,
    subregion VARCHAR(100),
    capital VARCHAR(50),
    factbookCode VARCHAR(2),
    generalInfo TEXT,
    climate TEXT,
    govType TEXT,
    economy TEXT,
    UNIQUE KEY(countryNumber))
		   36 Query	drop table if exists Regions
		   36 Query	CREATE TABLE Regions (
    subRegion VARCHAR(100) PRIMARY KEY,
    region VARCHAR(100) NOT NULL,
    UNIQUE KEY(subRegion))
		   36 Query	drop table if exists Borders
		   36 Query	CREATE TABLE Borders (
    countryCode VARCHAR(3),
    borderingCountryCode VARCHAR(3),
    PRIMARY KEY (countryCode, borderingCountryCode))
		   36 Query	drop table if exists Conflicts
		   36 Query	CREATE TABLE Conflicts (
    conflictId VARCHAR(10) PRIMARY KEY,
    location VARCHAR(50),
    start VARCHAR(10),
    end VARCHAR(10))
		   36 Query	drop table if exists ConflictParties
		   36 Query	CREATE TABLE ConflictParties (
    conflictId VARCHAR(10),
    partyName VARCHAR(100),
    side VARCHAR(1),
    PRIMARY KEY (conflictId, partyName))
		   36 Query	drop table if exists LanguagesSpoken
		   36 Query	CREATE TABLE LanguagesSpoken (
    countryCode VARCHAR(3),
    language VARCHAR(100),
    percentPop VARCHAR(25),
    PRIMARY KEY (countryCode, language))
		   36 Query	drop table if exists Leaders
		   36 Query	CREATE TABLE Leaders (
    name VARCHAR(150),
    type VARCHAR(25),
    termStart VARCHAR(30),
    termEnd VARCHAR(30),
    PRIMARY KEY (name, type))
		   36 Query	drop table if exists LeaderOf
		   36 Query	CREATE TABLE LeaderOf (
    countryCode VARCHAR(3),
    leaderName VARCHAR(150),
    PRIMARY KEY (countryCode, leaderName))
		   36 Query	DROP table if exists Migrations
		   36 Query	CREATE TABLE Migrations (
  destCountry VARCHAR(3), 
  origCountry VARCHAR(3),
  inYear      VARCHAR(4), 
  totalAmount DECIMAL(8)  NOT NULL,
  PRIMARY KEY(destCountry,origCountry,inYear))
		   36 Query	DROP table if exists  TradesWith
		   36 Query	CREATE TABLE TradesWith (
    countryCode VARCHAR(3),
    partnerCountryCode VARCHAR(20),
    type VARCHAR(6) NOT NULL,
    total VARCHAR(20) NOT NULL,
    PRIMARY KEY (countryCode, partnerCountryCode, type))
		   36 Query	DROP table if exists Treaties
		   36 Query	CREATE TABLE Treaties(
  treatyNumber varchar(8),
  name  varchar(255)  NOT NULL,
  dateEnforced  varchar(8) NOT NULL,
  description varchar(255) NOT NULL,
  wikipage  varchar(255) NOT NULL,
  PRIMARY KEY(treatyNumber))
		   36 Query	DROP table if exists TreatyParties
		   36 Query	CREATE TABLE TreatyParties(
  treatyNumber varchar(8) NOT NULL,
  countryNumber  varchar(3)  NOT NULL,
  PRIMARY KEY(treatyNumber,countryNumber))
		   36 Query	drop table if exists WorldBankStats
		   36 Query	CREATE TABLE WorldBankStats (
    countryCode VARCHAR(3),
    statType VARCHAR(30),
    year2005 VARCHAR(20),
    year2006 VARCHAR(20),
    year2007 VARCHAR(20),
    year2008 VARCHAR(20),
    year2009 VARCHAR(20),
    year2010 VARCHAR(20),
    year2011 VARCHAR(20),
    year2012 VARCHAR(20),
    year2013 VARCHAR(20),
    year2014 VARCHAR(20),
    PRIMARY KEY (countryCode, statType))
